# JRE version: Java(TM) SE Runtime Environment (8.0_121-b13) (build 1.8.0_121-b13)
# Java VM: Java HotSpot(TM) 64-Bit Server VM (25.121-b13 mixed mode windows-amd64 compressed oops)
Heap:
 PSYoungGen      total 38400K, used 25399K [0x00000000eb380000, 0x00000000ef400000, 0x0000000100000000)
  eden space 23040K, 44% used [0x00000000eb380000,0x00000000ebd67fb0,0x00000000eca00000)
  from space 15360K, 99% used [0x00000000eca00000,0x00000000ed8e5db0,0x00000000ed900000)
  to   space 17920K, 0% used [0x00000000ee280000,0x00000000ee280000,0x00000000ef400000)
 ParOldGen       total 41472K, used 29760K [0x00000000c1a00000, 0x00000000c4280000, 0x00000000eb380000)
  object space 41472K, 71% used [0x00000000c1a00000,0x00000000c37101e8,0x00000000c4280000)
 Metaspace       used 26404K, capacity 28162K, committed 28416K, reserved 1073152K
  class space    used 3746K, capacity 4051K, committed 4096K, reserved 1048576K
GC Heap History (10 events):
Event: 16.371 GC heap before
{Heap before GC invocations=6 (full 1):
 PSYoungGen      total 18944K, used 16384K [0x00000000eb380000, 0x00000000ed880000, 0x0000000100000000)
  eden space 16384K, 100% used [0x00000000eb380000,0x00000000ec380000,0x00000000ec380000)
  from space 2560K, 0% used [0x00000000ec600000,0x00000000ec600000,0x00000000ec880000)
  to   space 2560K, 0% used [0x00000000ec380000,0x00000000ec380000,0x00000000ec600000)
 ParOldGen       total 41472K, used 10802K [0x00000000c1a00000, 0x00000000c4280000, 0x00000000eb380000)
  object space 41472K, 26% used [0x00000000c1a00000,0x00000000c248ca10,0x00000000c4280000)
 Metaspace       used 21721K, capacity 22500K, committed 22656K, reserved 1069056K
  class space    used 2960K, capacity 3182K, committed 3200K, reserved 1048576K
Event: 16.377 GC heap after
Heap after GC invocations=6 (full 1):
 PSYoungGen      total 18944K, used 1841K [0x00000000eb380000, 0x00000000ed700000, 0x0000000100000000)
  eden space 16384K, 0% used [0x00000000eb380000,0x00000000eb380000,0x00000000ec380000)
  from space 2560K, 71% used [0x00000000ec380000,0x00000000ec54c578,0x00000000ec600000)
  to   space 7168K, 0% used [0x00000000ed000000,0x00000000ed000000,0x00000000ed700000)
 ParOldGen       total 41472K, used 10810K [0x00000000c1a00000, 0x00000000c4280000, 0x00000000eb380000)
  object space 41472K, 26% used [0x00000000c1a00000,0x00000000c248ea10,0x00000000c4280000)
 Metaspace       used 21721K, capacity 22500K, committed 22656K, reserved 1069056K
  class space    used 2960K, capacity 3182K, committed 3200K, reserved 1048576K
}
Event: 17.124 GC heap before
{Heap before GC invocations=7 (full 1):
 PSYoungGen      total 18944K, used 18225K [0x00000000eb380000, 0x00000000ed700000, 0x0000000100000000)
  eden space 16384K, 100% used [0x00000000eb380000,0x00000000ec380000,0x00000000ec380000)
  from space 2560K, 71% used [0x00000000ec380000,0x00000000ec54c578,0x00000000ec600000)
  to   space 7168K, 0% used [0x00000000ed000000,0x00000000ed000000,0x00000000ed700000)
 ParOldGen       total 41472K, used 10810K [0x00000000c1a00000, 0x00000000c4280000, 0x00000000eb380000)
  object space 41472K, 26% used [0x00000000c1a00000,0x00000000c248ea10,0x00000000c4280000)
 Metaspace       used 23544K, capacity 24772K, committed 25088K, reserved 1071104K
  class space    used 3269K, capacity 3522K, committed 3584K, reserved 1048576K
Event: 17.134 GC heap after
Heap after GC invocations=7 (full 1):
 PSYoungGen      total 29184K, used 4986K [0x00000000eb380000, 0x00000000ed780000, 0x0000000100000000)
  eden space 22016K, 0% used [0x00000000eb380000,0x00000000eb380000,0x00000000ec900000)
  from space 7168K, 69% used [0x00000000ed000000,0x00000000ed4debd0,0x00000000ed700000)
  to   space 7168K, 0% used [0x00000000ec900000,0x00000000ec900000,0x00000000ed000000)
 ParOldGen       total 41472K, used 10818K [0x00000000c1a00000, 0x00000000c4280000, 0x00000000eb380000)
  object space 41472K, 26% used [0x00000000c1a00000,0x00000000c2490a10,0x00000000c4280000)
 Metaspace       used 23544K, capacity 24772K, committed 25088K, reserved 1071104K
  class space    used 3269K, capacity 3522K, committed 3584K, reserved 1048576K
}
Event: 19.931 GC heap before
{Heap before GC invocations=8 (full 1):
 PSYoungGen      total 29184K, used 26819K [0x00000000eb380000, 0x00000000ed780000, 0x0000000100000000)
  eden space 22016K, 99% used [0x00000000eb380000,0x00000000ec8d2328,0x00000000ec900000)
  from space 7168K, 69% used [0x00000000ed000000,0x00000000ed4debd0,0x00000000ed700000)
  to   space 7168K, 0% used [0x00000000ec900000,0x00000000ec900000,0x00000000ed000000)
 ParOldGen       total 41472K, used 10818K [0x00000000c1a00000, 0x00000000c4280000, 0x00000000eb380000)
  object space 41472K, 26% used [0x00000000c1a00000,0x00000000c2490a10,0x00000000c4280000)
 Metaspace       used 24498K, capacity 25802K, committed 25984K, reserved 1071104K
  class space    used 3386K, capacity 3663K, committed 3712K, reserved 1048576K
Event: 19.952 GC heap after
Heap after GC invocations=8 (full 1):
 PSYoungGen      total 29184K, used 7144K [0x00000000eb380000, 0x00000000ee180000, 0x0000000100000000)
  eden space 22016K, 0% used [0x00000000eb380000,0x00000000eb380000,0x00000000ec900000)
  from space 7168K, 99% used [0x00000000ec900000,0x00000000ecffa098,0x00000000ed000000)
  to   space 8704K, 0% used [0x00000000ed900000,0x00000000ed900000,0x00000000ee180000)
 ParOldGen       total 41472K, used 11597K [0x00000000c1a00000, 0x00000000c4280000, 0x00000000eb380000)
  object space 41472K, 27% used [0x00000000c1a00000,0x00000000c2553618,0x00000000c4280000)
 Metaspace       used 24498K, capacity 25802K, committed 25984K, reserved 1071104K
  class space    used 3386K, capacity 3663K, committed 3712K, reserved 1048576K
}
Event: 20.356 GC heap before
{Heap before GC invocations=9 (full 1):
 PSYoungGen      total 29184K, used 27780K [0x00000000eb380000, 0x00000000ee180000, 0x0000000100000000)
  eden space 22016K, 93% used [0x00000000eb380000,0x00000000ec7a7340,0x00000000ec900000)
  from space 7168K, 99% used [0x00000000ec900000,0x00000000ecffa098,0x00000000ed000000)
  to   space 8704K, 0% used [0x00000000ed900000,0x00000000ed900000,0x00000000ee180000)
 ParOldGen       total 41472K, used 11597K [0x00000000c1a00000, 0x00000000c4280000, 0x00000000eb380000)
  object space 41472K, 27% used [0x00000000c1a00000,0x00000000c2553618,0x00000000c4280000)
 Metaspace       used 24563K, capacity 25914K, committed 25984K, reserved 1071104K
  class space    used 3394K, capacity 3671K, committed 3712K, reserved 1048576K
Event: 20.383 GC heap after
Heap after GC invocations=9 (full 1):
 PSYoungGen      total 31744K, used 8699K [0x00000000eb380000, 0x00000000ef280000, 0x0000000100000000)
  eden space 23040K, 0% used [0x00000000eb380000,0x00000000eb380000,0x00000000eca00000)
  from space 8704K, 99% used [0x00000000ed900000,0x00000000ee17ee50,0x00000000ee180000)
  to   space 15360K, 0% used [0x00000000eca00000,0x00000000eca00000,0x00000000ed900000)
 ParOldGen       total 41472K, used 24603K [0x00000000c1a00000, 0x00000000c4280000, 0x00000000eb380000)
  object space 41472K, 59% used [0x00000000c1a00000,0x00000000c3206e08,0x00000000c4280000)
 Metaspace       used 24563K, capacity 25914K, committed 25984K, reserved 1071104K
  class space    used 3394K, capacity 3671K, committed 3712K, reserved 1048576K
}
Event: 22.049 GC heap before
{Heap before GC invocations=10 (full 1):
 PSYoungGen      total 31744K, used 31739K [0x00000000eb380000, 0x00000000ef280000, 0x0000000100000000)
  eden space 23040K, 100% used [0x00000000eb380000,0x00000000eca00000,0x00000000eca00000)
  from space 8704K, 99% used [0x00000000ed900000,0x00000000ee17ee50,0x00000000ee180000)
  to   space 15360K, 0% used [0x00000000eca00000,0x00000000eca00000,0x00000000ed900000)
 ParOldGen       total 41472K, used 24603K [0x00000000c1a00000, 0x00000000c4280000, 0x00000000eb380000)
  object space 41472K, 59% used [0x00000000c1a00000,0x00000000c3206e08,0x00000000c4280000)
 Metaspace       used 25520K, capacity 26952K, committed 27264K, reserved 1073152K
  class space    used 3584K, capacity 3872K, committed 3968K, reserved 1048576K
Event: 22.064 GC heap after
Heap after GC invocations=10 (full 1):
 PSYoungGen      total 38400K, used 15255K [0x00000000eb380000, 0x00000000ef400000, 0x0000000100000000)
  eden space 23040K, 0% used [0x00000000eb380000,0x00000000eb380000,0x00000000eca00000)
  from space 15360K, 99% used [0x00000000eca00000,0x00000000ed8e5db0,0x00000000ed900000)
  to   space 17920K, 0% used [0x00000000ee280000,0x00000000ee280000,0x00000000ef400000)
 ParOldGen       total 41472K, used 29760K [0x00000000c1a00000, 0x00000000c4280000, 0x00000000eb380000)
  object space 41472K, 71% used [0x00000000c1a00000,0x00000000c37101e8,0x00000000c4280000)
 Metaspace       used 25520K, capacity 26952K, committed 27264K, reserved 1073152K
  class space    used 3584K, capacity 3872K, committed 3968K, reserved 1048576K
}

