# JRE version: Java(TM) SE Runtime Environment (8.0_121-b13) (build 1.8.0_121-b13)
# Java VM: Java HotSpot(TM) 64-Bit Server VM (25.121-b13 mixed mode windows-amd64 compressed oops)
Heap:
 PSYoungGen      total 39936K, used 29142K [0x00000000eb380000, 0x00000000efd00000, 0x0000000100000000)
  eden space 24064K, 55% used [0x00000000eb380000,0x00000000ec07d248,0x00000000ecb00000)
  from space 15872K, 99% used [0x00000000ecb00000,0x00000000eda78948,0x00000000eda80000)
  to   space 20480K, 0% used [0x00000000ee900000,0x00000000ee900000,0x00000000efd00000)
 ParOldGen       total 40448K, used 30585K [0x00000000c1a00000, 0x00000000c4180000, 0x00000000eb380000)
  object space 40448K, 75% used [0x00000000c1a00000,0x00000000c37de608,0x00000000c4180000)
 Metaspace       used 26505K, capacity 28296K, committed 28416K, reserved 1073152K
  class space    used 3745K, capacity 4052K, committed 4096K, reserved 1048576K
GC Heap History (10 events):
Event: 18.157 GC heap before
{Heap before GC invocations=6 (full 1):
 PSYoungGen      total 18944K, used 16384K [0x00000000eb380000, 0x00000000ec880000, 0x0000000100000000)
  eden space 16384K, 100% used [0x00000000eb380000,0x00000000ec380000,0x00000000ec380000)
  from space 2560K, 0% used [0x00000000ec600000,0x00000000ec600000,0x00000000ec880000)
  to   space 2560K, 0% used [0x00000000ec380000,0x00000000ec380000,0x00000000ec600000)
 ParOldGen       total 40448K, used 9997K [0x00000000c1a00000, 0x00000000c4180000, 0x00000000eb380000)
  object space 40448K, 24% used [0x00000000c1a00000,0x00000000c23c3668,0x00000000c4180000)
 Metaspace       used 21608K, capacity 22444K, committed 22656K, reserved 1069056K
  class space    used 2936K, capacity 3146K, committed 3200K, reserved 1048576K
Event: 18.168 GC heap after
Heap after GC invocations=6 (full 1):
 PSYoungGen      total 18944K, used 1804K [0x00000000eb380000, 0x00000000ed700000, 0x0000000100000000)
  eden space 16384K, 0% used [0x00000000eb380000,0x00000000eb380000,0x00000000ec380000)
  from space 2560K, 70% used [0x00000000ec380000,0x00000000ec543020,0x00000000ec600000)
  to   space 7168K, 0% used [0x00000000ed000000,0x00000000ed000000,0x00000000ed700000)
 ParOldGen       total 40448K, used 10005K [0x00000000c1a00000, 0x00000000c4180000, 0x00000000eb380000)
  object space 40448K, 24% used [0x00000000c1a00000,0x00000000c23c5668,0x00000000c4180000)
 Metaspace       used 21608K, capacity 22444K, committed 22656K, reserved 1069056K
  class space    used 2936K, capacity 3146K, committed 3200K, reserved 1048576K
}
Event: 21.414 GC heap before
{Heap before GC invocations=7 (full 1):
 PSYoungGen      total 18944K, used 18188K [0x00000000eb380000, 0x00000000ed700000, 0x0000000100000000)
  eden space 16384K, 100% used [0x00000000eb380000,0x00000000ec380000,0x00000000ec380000)
  from space 2560K, 70% used [0x00000000ec380000,0x00000000ec543020,0x00000000ec600000)
  to   space 7168K, 0% used [0x00000000ed000000,0x00000000ed000000,0x00000000ed700000)
 ParOldGen       total 40448K, used 10005K [0x00000000c1a00000, 0x00000000c4180000, 0x00000000eb380000)
  object space 40448K, 24% used [0x00000000c1a00000,0x00000000c23c5668,0x00000000c4180000)
 Metaspace       used 23571K, capacity 24836K, committed 25088K, reserved 1071104K
  class space    used 3266K, capacity 3522K, committed 3584K, reserved 1048576K
Event: 21.433 GC heap after
Heap after GC invocations=7 (full 1):
 PSYoungGen      total 28160K, used 4058K [0x00000000eb380000, 0x00000000ed600000, 0x0000000100000000)
  eden space 22016K, 0% used [0x00000000eb380000,0x00000000eb380000,0x00000000ec900000)
  from space 6144K, 66% used [0x00000000ed000000,0x00000000ed3f6bd0,0x00000000ed600000)
  to   space 6656K, 0% used [0x00000000ec900000,0x00000000ec900000,0x00000000ecf80000)
 ParOldGen       total 40448K, used 10013K [0x00000000c1a00000, 0x00000000c4180000, 0x00000000eb380000)
  object space 40448K, 24% used [0x00000000c1a00000,0x00000000c23c7668,0x00000000c4180000)
 Metaspace       used 23571K, capacity 24836K, committed 25088K, reserved 1071104K
  class space    used 3266K, capacity 3522K, committed 3584K, reserved 1048576K
}
Event: 32.761 GC heap before
{Heap before GC invocations=8 (full 1):
 PSYoungGen      total 28160K, used 26074K [0x00000000eb380000, 0x00000000ed600000, 0x0000000100000000)
  eden space 22016K, 100% used [0x00000000eb380000,0x00000000ec900000,0x00000000ec900000)
  from space 6144K, 66% used [0x00000000ed000000,0x00000000ed3f6bd0,0x00000000ed600000)
  to   space 6656K, 0% used [0x00000000ec900000,0x00000000ec900000,0x00000000ecf80000)
 ParOldGen       total 40448K, used 10013K [0x00000000c1a00000, 0x00000000c4180000, 0x00000000eb380000)
  object space 40448K, 24% used [0x00000000c1a00000,0x00000000c23c7668,0x00000000c4180000)
 Metaspace       used 24359K, capacity 25596K, committed 25728K, reserved 1071104K
  class space    used 3360K, capacity 3596K, committed 3712K, reserved 1048576K
Event: 32.926 GC heap after
Heap after GC invocations=8 (full 1):
 PSYoungGen      total 28672K, used 6648K [0x00000000eb380000, 0x00000000ee380000, 0x0000000100000000)
  eden space 22016K, 0% used [0x00000000eb380000,0x00000000eb380000,0x00000000ec900000)
  from space 6656K, 99% used [0x00000000ec900000,0x00000000ecf7e088,0x00000000ecf80000)
  to   space 9216K, 0% used [0x00000000eda80000,0x00000000eda80000,0x00000000ee380000)
 ParOldGen       total 40448K, used 13016K [0x00000000c1a00000, 0x00000000c4180000, 0x00000000eb380000)
  object space 40448K, 32% used [0x00000000c1a00000,0x00000000c26b6280,0x00000000c4180000)
 Metaspace       used 24359K, capacity 25596K, committed 25728K, reserved 1071104K
  class space    used 3360K, capacity 3596K, committed 3712K, reserved 1048576K
}
Event: 33.673 GC heap before
{Heap before GC invocations=9 (full 1):
 PSYoungGen      total 28672K, used 28231K [0x00000000eb380000, 0x00000000ee380000, 0x0000000100000000)
  eden space 22016K, 98% used [0x00000000eb380000,0x00000000ec893bf0,0x00000000ec900000)
  from space 6656K, 99% used [0x00000000ec900000,0x00000000ecf7e088,0x00000000ecf80000)
  to   space 9216K, 0% used [0x00000000eda80000,0x00000000eda80000,0x00000000ee380000)
 ParOldGen       total 40448K, used 13016K [0x00000000c1a00000, 0x00000000c4180000, 0x00000000eb380000)
  object space 40448K, 32% used [0x00000000c1a00000,0x00000000c26b6280,0x00000000c4180000)
 Metaspace       used 24555K, capacity 25850K, committed 25984K, reserved 1071104K
  class space    used 3392K, capacity 3671K, committed 3712K, reserved 1048576K
Event: 33.783 GC heap after
Heap after GC invocations=9 (full 1):
 PSYoungGen      total 33280K, used 9186K [0x00000000eb380000, 0x00000000ef800000, 0x0000000100000000)
  eden space 24064K, 0% used [0x00000000eb380000,0x00000000eb380000,0x00000000ecb00000)
  from space 9216K, 99% used [0x00000000eda80000,0x00000000ee378ab0,0x00000000ee380000)
  to   space 15872K, 0% used [0x00000000ecb00000,0x00000000ecb00000,0x00000000eda80000)
 ParOldGen       total 40448K, used 24773K [0x00000000c1a00000, 0x00000000c4180000, 0x00000000eb380000)
  object space 40448K, 61% used [0x00000000c1a00000,0x00000000c32314e0,0x00000000c4180000)
 Metaspace       used 24555K, capacity 25850K, committed 25984K, reserved 1071104K
  class space    used 3392K, capacity 3671K, committed 3712K, reserved 1048576K
}
Event: 41.467 GC heap before
{Heap before GC invocations=10 (full 1):
 PSYoungGen      total 33280K, used 33250K [0x00000000eb380000, 0x00000000ef800000, 0x0000000100000000)
  eden space 24064K, 100% used [0x00000000eb380000,0x00000000ecb00000,0x00000000ecb00000)
  from space 9216K, 99% used [0x00000000eda80000,0x00000000ee378ab0,0x00000000ee380000)
  to   space 15872K, 0% used [0x00000000ecb00000,0x00000000ecb00000,0x00000000eda80000)
 ParOldGen       total 40448K, used 24773K [0x00000000c1a00000, 0x00000000c4180000, 0x00000000eb380000)
  object space 40448K, 61% used [0x00000000c1a00000,0x00000000c32314e0,0x00000000c4180000)
 Metaspace       used 25323K, capacity 26696K, committed 26880K, reserved 1073152K
  class space    used 3544K, capacity 3824K, committed 3840K, reserved 1048576K
Event: 41.506 GC heap after
Heap after GC invocations=10 (full 1):
 PSYoungGen      total 39936K, used 15842K [0x00000000eb380000, 0x00000000efd00000, 0x0000000100000000)
  eden space 24064K, 0% used [0x00000000eb380000,0x00000000eb380000,0x00000000ecb00000)
  from space 15872K, 99% used [0x00000000ecb00000,0x00000000eda78948,0x00000000eda80000)
  to   space 20480K, 0% used [0x00000000ee900000,0x00000000ee900000,0x00000000efd00000)
 ParOldGen       total 40448K, used 30585K [0x00000000c1a00000, 0x00000000c4180000, 0x00000000eb380000)
  object space 40448K, 75% used [0x00000000c1a00000,0x00000000c37de608,0x00000000c4180000)
 Metaspace       used 25323K, capacity 26696K, committed 26880K, reserved 1073152K
  class space    used 3544K, capacity 3824K, committed 3840K, reserved 1048576K
}

